<?xml version="1.0" encoding="UTF-8"?>
<!-- Generated by org.testng.reporters.JUnitXMLReporter -->
<testsuite ignored="0" hostname="DeepthiBook" failures="1" tests="1" name="Test3" time="7.145" errors="0" timestamp="2024-04-22T12:27:46 IST">
  <testcase classname="com.AmazonApplication.DockerTest_AmazonApplication" name="browserTest" time="7.09">
    <failure type="org.openqa.selenium.WebDriverException" message="unknown error: net::ERR_NAME_NOT_RESOLVED
  (Session info: MicrosoftEdge=123.0.2420.65)
Build info: version: &amp;apos;4.18.1&amp;apos;, revision: &amp;apos;b1d3319b48&amp;apos;
System info: os.name: &amp;apos;Windows 11&amp;apos;, os.arch: &amp;apos;amd64&amp;apos;, os.version: &amp;apos;10.0&amp;apos;, java.version: &amp;apos;17.0.10&amp;apos;
Driver info: org.openqa.selenium.remote.RemoteWebDriver
Command: [3febefb0aef1fc3450cb7a5fd4f35f9d, get {url=https://www.amazon.in/}]
Capabilities {acceptInsecureCerts: false, browserName: MicrosoftEdge, browserVersion: 123.0.2420.65, fedcm:accounts: true, ms:edgeOptions: {debuggerAddress: localhost:35217}, msedge: {msedgedriverVersion: 123.0.2420.65 (49b6a5859239..., userDataDir: /tmp/.com.microsoft.Edge.wz...}, networkConnectionEnabled: false, pageLoadStrategy: normal, platformName: linux, proxy: Proxy(), se:bidiEnabled: false, se:cdp: ws://172.18.0.3:4444/sessio..., se:cdpVersion: 123.0.2420.65, se:vnc: ws://172.18.0.3:4444/sessio..., se:vncEnabled: true, se:vncLocalAddress: ws://172.18.0.3:7900, setWindowRect: true, strictFileInteractability: false, timeouts: {implicit: 0, pageLoad: 300000, script: 30000}, unhandledPromptBehavior: dismiss and notify, webauthn:extension:credBlob: true, webauthn:extension:largeBlob: true, webauthn:extension:minPinLength: true, webauthn:extension:prf: true, webauthn:virtualAuthenticators: true}
Session ID: 3febefb0aef1fc3450cb7a5fd4f35f9d">
      <![CDATA[org.openqa.selenium.WebDriverException: unknown error: net::ERR_NAME_NOT_RESOLVED
  (Session info: MicrosoftEdge=123.0.2420.65)
Build info: version: '4.18.1', revision: 'b1d3319b48'
System info: os.name: 'Windows 11', os.arch: 'amd64', os.version: '10.0', java.version: '17.0.10'
Driver info: org.openqa.selenium.remote.RemoteWebDriver
Command: [3febefb0aef1fc3450cb7a5fd4f35f9d, get {url=https://www.amazon.in/}]
Capabilities {acceptInsecureCerts: false, browserName: MicrosoftEdge, browserVersion: 123.0.2420.65, fedcm:accounts: true, ms:edgeOptions: {debuggerAddress: localhost:35217}, msedge: {msedgedriverVersion: 123.0.2420.65 (49b6a5859239..., userDataDir: /tmp/.com.microsoft.Edge.wz...}, networkConnectionEnabled: false, pageLoadStrategy: normal, platformName: linux, proxy: Proxy(), se:bidiEnabled: false, se:cdp: ws://172.18.0.3:4444/sessio..., se:cdpVersion: 123.0.2420.65, se:vnc: ws://172.18.0.3:4444/sessio..., se:vncEnabled: true, se:vncLocalAddress: ws://172.18.0.3:7900, setWindowRect: true, strictFileInteractability: false, timeouts: {implicit: 0, pageLoad: 300000, script: 30000}, unhandledPromptBehavior: dismiss and notify, webauthn:extension:credBlob: true, webauthn:extension:largeBlob: true, webauthn:extension:minPinLength: true, webauthn:extension:prf: true, webauthn:virtualAuthenticators: true}
Session ID: 3febefb0aef1fc3450cb7a5fd4f35f9d
at org.openqa.selenium.remote.ErrorCodec.decode(ErrorCodec.java:167)
at org.openqa.selenium.remote.codec.w3c.W3CHttpResponseCodec.decode(W3CHttpResponseCodec.java:138)
at org.openqa.selenium.remote.codec.w3c.W3CHttpResponseCodec.decode(W3CHttpResponseCodec.java:50)
at org.openqa.selenium.remote.HttpCommandExecutor.execute(HttpCommandExecutor.java:190)
at org.openqa.selenium.remote.TracedCommandExecutor.execute(TracedCommandExecutor.java:51)
at org.openqa.selenium.remote.RemoteWebDriver.execute(RemoteWebDriver.java:519)
at org.openqa.selenium.remote.RemoteWebDriver.get(RemoteWebDriver.java:301)
at com.AmazonApplication.DockerTest_AmazonApplication.browserTest(DockerTest_AmazonApplication.java:36)
at java.base/java.util.ArrayList.forEach(ArrayList.java:1511)
at java.base/java.util.concurrent.FutureTask.run(FutureTask.java:264)
at java.base/java.util.concurrent.ThreadPoolExecutor.runWorker(ThreadPoolExecutor.java:1136)
at java.base/java.util.concurrent.ThreadPoolExecutor$Worker.run(ThreadPoolExecutor.java:635)
at java.base/java.lang.Thread.run(Thread.java:842)
... Removed 22 stack frames]]>
    </failure>
  </testcase> <!-- browserTest -->
</testsuite> <!-- Test3 -->
