<?xml version="1.0" encoding="UTF-8"?>
<testng-results ignored="0" total="3" passed="3" failed="0" skipped="0">
  <reporter-output>
  </reporter-output>
  <suite started-at="2024-04-28T19:13:45 IST" name="Suite" finished-at="2024-04-28T19:14:03 IST" duration-ms="18142">
    <groups>
    </groups>
    <test started-at="2024-04-28T19:13:45 IST" name="Test1" finished-at="2024-04-28T19:13:59 IST" duration-ms="14037">
      <class name="com.AmazonApplication.DockerTest_AmazonApplication">
        <test-method signature="browserTest(java.lang.String)[pri:0, instance:com.AmazonApplication.DockerTest_AmazonApplication@3023df74]" started-at="2024-04-28T19:13:45 IST" name="browserTest" finished-at="2024-04-28T19:13:59 IST" duration-ms="13987" status="PASS">
          <params>
            <param index="0">
              <value>
                <![CDATA[chrome]]>
              </value>
            </param>
          </params>
          <reporter-output>
          </reporter-output>
        </test-method> <!-- browserTest -->
      </class> <!-- com.AmazonApplication.DockerTest_AmazonApplication -->
    </test> <!-- Test1 -->
    <test started-at="2024-04-28T19:13:45 IST" name="Test3" finished-at="2024-04-28T19:14:03 IST" duration-ms="17604">
      <class name="com.AmazonApplication.DockerTest_AmazonApplication">
        <test-method signature="browserTest(java.lang.String)[pri:0, instance:com.AmazonApplication.DockerTest_AmazonApplication@815b41f]" started-at="2024-04-28T19:13:45 IST" name="browserTest" finished-at="2024-04-28T19:14:03 IST" duration-ms="17563" status="PASS">
          <params>
            <param index="0">
              <value>
                <![CDATA[edge]]>
              </value>
            </param>
          </params>
          <reporter-output>
          </reporter-output>
        </test-method> <!-- browserTest -->
      </class> <!-- com.AmazonApplication.DockerTest_AmazonApplication -->
    </test> <!-- Test3 -->
    <test started-at="2024-04-28T19:13:45 IST" name="Test2" finished-at="2024-04-28T19:14:03 IST" duration-ms="18142">
      <class name="com.AmazonApplication.DockerTest_AmazonApplication">
        <test-method signature="browserTest(java.lang.String)[pri:0, instance:com.AmazonApplication.DockerTest_AmazonApplication@7586beff]" started-at="2024-04-28T19:13:45 IST" name="browserTest" finished-at="2024-04-28T19:14:03 IST" duration-ms="18098" status="PASS">
          <params>
            <param index="0">
              <value>
                <![CDATA[firefox]]>
              </value>
            </param>
          </params>
          <reporter-output>
          </reporter-output>
        </test-method> <!-- browserTest -->
      </class> <!-- com.AmazonApplication.DockerTest_AmazonApplication -->
    </test> <!-- Test2 -->
  </suite> <!-- Suite -->
</testng-results>
