<?xml version="1.0" encoding="UTF-8"?>
<testng-results ignored="0" total="3" passed="3" failed="0" skipped="0">
  <reporter-output>
  </reporter-output>
  <suite started-at="2024-04-22T11:04:34 IST" name="MySuite" finished-at="2024-04-22T11:04:54 IST" duration-ms="19350">
    <groups>
    </groups>
    <test started-at="2024-04-22T11:04:34 IST" name="Test1" finished-at="2024-04-22T11:04:49 IST" duration-ms="14533">
      <class name="com.AmazonApplication.DockerTest_AmazonApplication">
        <test-method signature="browserTest(java.lang.String)[pri:0, instance:com.AmazonApplication.DockerTest_AmazonApplication@2d3379b4]" started-at="2024-04-22T11:04:34 IST" name="browserTest" finished-at="2024-04-22T11:04:49 IST" duration-ms="14436" status="PASS">
          <params>
            <param index="0">
              <value>
                <![CDATA[chrome]]>
              </value>
            </param>
          </params>
          <reporter-output>
          </reporter-output>
        </test-method> <!-- browserTest -->
      </class> <!-- com.AmazonApplication.DockerTest_AmazonApplication -->
    </test> <!-- Test1 -->
    <test started-at="2024-04-22T11:04:34 IST" name="Test3" finished-at="2024-04-22T11:04:52 IST" duration-ms="17470">
      <class name="com.AmazonApplication.DockerTest_AmazonApplication">
        <test-method signature="browserTest(java.lang.String)[pri:0, instance:com.AmazonApplication.DockerTest_AmazonApplication@4d1c00d0]" started-at="2024-04-22T11:04:34 IST" name="browserTest" finished-at="2024-04-22T11:04:52 IST" duration-ms="17386" status="PASS">
          <params>
            <param index="0">
              <value>
                <![CDATA[edge]]>
              </value>
            </param>
          </params>
          <reporter-output>
          </reporter-output>
        </test-method> <!-- browserTest -->
      </class> <!-- com.AmazonApplication.DockerTest_AmazonApplication -->
    </test> <!-- Test3 -->
    <test started-at="2024-04-22T11:04:34 IST" name="Test2" finished-at="2024-04-22T11:04:54 IST" duration-ms="19350">
      <class name="com.AmazonApplication.DockerTest_AmazonApplication">
        <test-method signature="browserTest(java.lang.String)[pri:0, instance:com.AmazonApplication.DockerTest_AmazonApplication@3bf7ca37]" started-at="2024-04-22T11:04:34 IST" name="browserTest" finished-at="2024-04-22T11:04:54 IST" duration-ms="19267" status="PASS">
          <params>
            <param index="0">
              <value>
                <![CDATA[firefox]]>
              </value>
            </param>
          </params>
          <reporter-output>
          </reporter-output>
        </test-method> <!-- browserTest -->
      </class> <!-- com.AmazonApplication.DockerTest_AmazonApplication -->
    </test> <!-- Test2 -->
  </suite> <!-- MySuite -->
</testng-results>
